<?xml version="1.0" encoding="UTF-8"?>
<!-- Generated by org.testng.reporters.JUnitReportReporter -->
<testsuite hostname="Vicky" failures="0" tests="1" name="Assignment.New" time="5.179" errors="0" timestamp="2024-11-26T19:23:30 IST" skipped="0">
  <testcase classname="Assignment.New" name="test" time="5.179"/>
  <system-out/>
</testsuite> <!-- Assignment.New -->
