<?xml version="1.0" encoding="UTF-8"?>
<!-- Generated by org.testng.reporters.JUnitReportReporter -->
<testsuite hostname="Vicky" failures="0" tests="1" name="Assignment.FitPeo" time="23.878" errors="0" timestamp="2024-11-26T20:53:55 IST" skipped="0">
  <testcase classname="Assignment.FitPeo" name="assignment" time="23.878"/>
  <system-out/>
</testsuite> <!-- Assignment.FitPeo -->
